Performing system checks...

System check identified no issues (0 silenced).
abril 02, 2026 - 16:40:41
Django version 4.2.22, using settings 'djangosige.configs'
Starting development server at http://127.0.0.1:8000/
Quit the server with CTRL-BREAK.

Performing system checks...

System check identified no issues (0 silenced).
abril 02, 2026 - 16:44:22
Django version 4.2.22, using settings 'djangosige.configs'
Starting development server at http://127.0.0.1:8000/
Quit the server with CTRL-BREAK.

Performing system checks...

System check identified no issues (0 silenced).
abril 02, 2026 - 16:44:28
Django version 4.2.22, using settings 'djangosige.configs'
Starting development server at http://127.0.0.1:8000/
Quit the server with CTRL-BREAK.

Performing system checks...

System check identified no issues (0 silenced).
abril 02, 2026 - 16:44:33
Django version 4.2.22, using settings 'djangosige.configs'
Starting development server at http://127.0.0.1:8000/
Quit the server with CTRL-BREAK.

Performing system checks...

System check identified no issues (0 silenced).
abril 02, 2026 - 16:44:39
Django version 4.2.22, using settings 'djangosige.configs'
Starting development server at http://127.0.0.1:8000/
Quit the server with CTRL-BREAK.

Performing system checks...

System check identified no issues (0 silenced).
abril 02, 2026 - 16:44:53
Django version 4.2.22, using settings 'djangosige.configs'
Starting development server at http://127.0.0.1:8000/
Quit the server with CTRL-BREAK.

